0 info it worked if it ends with ok
1 verbose cli [ '/usr/local/bin/node',
1 verbose cli   '/usr/local/bin/npm',
1 verbose cli   'install',
1 verbose cli   '--save',
1 verbose cli   'react-spring/dist/' ]
2 info using npm@6.4.1
3 info using node@v9.11.2
4 verbose npm-session c4535755741f632a
5 silly install loadCurrentTree
6 silly install readLocalPackageData
7 silly fetchPackageMetaData error for file:react-spring/dist Could not install from "react-spring/dist" as it does not contain a package.json file.
8 timing stage:rollbackFailedOptional Completed in 1ms
9 timing stage:runTopLevelLifecycles Completed in 2317ms
10 verbose stack Error: ENOENT: no such file or directory, open '/Users/josephdamiba/Plotly/plotly-next/react-spring/dist/package.json'
11 verbose cwd /Users/josephdamiba/Plotly/plotly-next
12 verbose Darwin 18.2.0
13 verbose argv "/usr/local/bin/node" "/usr/local/bin/npm" "install" "--save" "react-spring/dist/"
14 verbose node v9.11.2
15 verbose npm  v6.4.1
16 error code ENOLOCAL
17 error Could not install from "react-spring/dist" as it does not contain a package.json file.
18 verbose exit [ 1, true ]
