0 info it worked if it ends with ok
1 verbose cli [ '/usr/local/bin/node',
1 verbose cli   '/usr/local/bin/npm',
1 verbose cli   'i',
1 verbose cli   '@fortawesome' ]
2 info using npm@6.4.1
3 info using node@v9.11.2
4 verbose npm-session c78fe54d2dcf07da
5 silly install loadCurrentTree
6 silly install readLocalPackageData
7 timing stage:rollbackFailedOptional Completed in 1ms
8 timing stage:runTopLevelLifecycles Completed in 1941ms
9 verbose stack Error: Invalid tag name "@fortawesome": Tags may not have any characters that encodeURIComponent encodes.
9 verbose stack     at invalidTagName (/usr/local/lib/node_modules/npm/node_modules/npm-package-arg/npa.js:87:15)
9 verbose stack     at fromRegistry (/usr/local/lib/node_modules/npm/node_modules/npm-package-arg/npa.js:290:13)
9 verbose stack     at resolve (/usr/local/lib/node_modules/npm/node_modules/npm-package-arg/npa.js:77:12)
9 verbose stack     at npa (/usr/local/lib/node_modules/npm/node_modules/npm-package-arg/npa.js:48:10)
9 verbose stack     at /usr/local/lib/node_modules/npm/lib/install/deps.js:209:14
9 verbose stack     at /usr/local/lib/node_modules/npm/node_modules/slide/lib/async-map.js:52:35
9 verbose stack     at Array.forEach (<anonymous>)
9 verbose stack     at /usr/local/lib/node_modules/npm/node_modules/slide/lib/async-map.js:52:11
9 verbose stack     at Array.forEach (<anonymous>)
9 verbose stack     at asyncMap (/usr/local/lib/node_modules/npm/node_modules/slide/lib/async-map.js:51:8)
9 verbose stack     at exports.getAllMetadata (/usr/local/lib/node_modules/npm/lib/install/deps.js:206:3)
9 verbose stack     at Installer.loadArgMetadata (/usr/local/lib/node_modules/npm/lib/install.js:360:3)
9 verbose stack     at /usr/local/lib/node_modules/npm/lib/install.js:695:16
9 verbose stack     at BB.join.then (/usr/local/lib/node_modules/npm/lib/install/read-shrinkwrap.js:34:16)
9 verbose stack     at tryCatcher (/usr/local/lib/node_modules/npm/node_modules/bluebird/js/release/util.js:16:23)
9 verbose stack     at Promise._settlePromiseFromHandler (/usr/local/lib/node_modules/npm/node_modules/bluebird/js/release/promise.js:512:31)
10 verbose cwd /Users/josephdamiba/Plotly/plotly-next
11 verbose Darwin 18.2.0
12 verbose argv "/usr/local/bin/node" "/usr/local/bin/npm" "i" "@fortawesome"
13 verbose node v9.11.2
14 verbose npm  v6.4.1
15 error code EINVALIDTAGNAME
16 error Invalid tag name "@fortawesome": Tags may not have any characters that encodeURIComponent encodes.
17 verbose exit [ 1, true ]
