0 info it worked if it ends with ok
1 verbose cli [ '/usr/local/bin/node',
1 verbose cli   '/usr/local/bin/npm',
1 verbose cli   'i',
1 verbose cli   '@fortawesome/react-fortawesome' ]
2 info using npm@6.4.1
3 info using node@v9.11.2
4 verbose npm-session e4bb9584fcfb32dc
5 silly install loadCurrentTree
6 silly install readLocalPackageData
7 http fetch GET 404 https://registry.npmjs.org/@fortawesome%2freact-fortawesome 1384ms
8 silly fetchPackageMetaData error for @fortawesome/react-fortawesome@latest 404 Not Found: @fortawesome/react-fortawesome@latest
9 timing stage:rollbackFailedOptional Completed in 0ms
10 timing stage:runTopLevelLifecycles Completed in 3289ms
11 verbose stack Error: 404 Not Found: @fortawesome/react-fortawesome@latest
11 verbose stack     at fetch.then.res (/usr/local/lib/node_modules/npm/node_modules/pacote/lib/fetchers/registry/fetch.js:42:19)
11 verbose stack     at tryCatcher (/usr/local/lib/node_modules/npm/node_modules/bluebird/js/release/util.js:16:23)
11 verbose stack     at Promise._settlePromiseFromHandler (/usr/local/lib/node_modules/npm/node_modules/bluebird/js/release/promise.js:512:31)
11 verbose stack     at Promise._settlePromise (/usr/local/lib/node_modules/npm/node_modules/bluebird/js/release/promise.js:569:18)
11 verbose stack     at Promise._settlePromise0 (/usr/local/lib/node_modules/npm/node_modules/bluebird/js/release/promise.js:614:10)
11 verbose stack     at Promise._settlePromises (/usr/local/lib/node_modules/npm/node_modules/bluebird/js/release/promise.js:693:18)
11 verbose stack     at Async._drainQueue (/usr/local/lib/node_modules/npm/node_modules/bluebird/js/release/async.js:133:16)
11 verbose stack     at Async._drainQueues (/usr/local/lib/node_modules/npm/node_modules/bluebird/js/release/async.js:143:10)
11 verbose stack     at Immediate.Async.drainQueues [as _onImmediate] (/usr/local/lib/node_modules/npm/node_modules/bluebird/js/release/async.js:17:14)
11 verbose stack     at runCallback (timers.js:763:18)
11 verbose stack     at tryOnImmediate (timers.js:734:5)
11 verbose stack     at processImmediate (timers.js:716:5)
12 verbose cwd /Users/josephdamiba/Plotly/plotly-next
13 verbose Darwin 18.2.0
14 verbose argv "/usr/local/bin/node" "/usr/local/bin/npm" "i" "@fortawesome/react-fortawesome"
15 verbose node v9.11.2
16 verbose npm  v6.4.1
17 error code E404
18 error 404 Not Found: @fortawesome/react-fortawesome@latest
19 verbose exit [ 1, true ]
