0 info it worked if it ends with ok
1 verbose cli [ '/usr/local/bin/node', '/usr/local/bin/npm', 'cache', 'clean' ]
2 info using npm@6.4.1
3 info using node@v9.11.2
4 verbose config Skipping project config: /Users/josephdamiba/.npmrc. (matches userconfig)
5 verbose npm-session 3d48af1d672d2d02
6 verbose stack Error: As of npm@5, the npm cache self-heals from corruption issues and data extracted from the cache is guaranteed to be valid. If you want to make sure everything is consistent, use 'npm cache verify' instead. On the other hand, if you're debugging an issue with the installer, you can use `npm install --cache /tmp/empty-cache` to use a temporary cache instead of nuking the actual one.
6 verbose stack
6 verbose stack If you're sure you want to delete the entire cache, rerun this command with --force.
6 verbose stack     at clean (/usr/local/lib/node_modules/npm/lib/cache.js:72:22)
6 verbose stack     at EventEmitter.cache (/usr/local/lib/node_modules/npm/lib/cache.js:47:16)
6 verbose stack     at Object.commandCache.(anonymous function) (/usr/local/lib/node_modules/npm/lib/npm.js:159:13)
6 verbose stack     at EventEmitter.<anonymous> (/usr/local/lib/node_modules/npm/bin/npm-cli.js:131:30)
6 verbose stack     at process._tickCallback (internal/process/next_tick.js:176:11)
7 verbose cwd /Users/josephdamiba
8 verbose Darwin 18.5.0
9 verbose argv "/usr/local/bin/node" "/usr/local/bin/npm" "cache" "clean"
10 verbose node v9.11.2
11 verbose npm  v6.4.1
12 error As of npm@5, the npm cache self-heals from corruption issues and data extracted from the cache is guaranteed to be valid. If you want to make sure everything is consistent, use 'npm cache verify' instead. On the other hand, if you're debugging an issue with the installer, you can use `npm install --cache /tmp/empty-cache` to use a temporary cache instead of nuking the actual one.
12 error
12 error If you're sure you want to delete the entire cache, rerun this command with --force.
13 verbose exit [ 1, true ]
